<?xml version="1.0" encoding="UTF-8"?>
<testsuite name="com.example.javaserver.JavaserverApplicationTests" tests="1" skipped="0" failures="0" errors="0" timestamp="2024-01-11T16:56:11" hostname="SIMONE" time="0.308">
  <properties/>
  <testcase name="contextLoads()" classname="com.example.javaserver.JavaserverApplicationTests" time="0.308"/>
  <system-out><![CDATA[17:56:05.756 [Test worker] INFO org.springframework.test.context.support.AnnotationConfigContextLoaderUtils -- Could not detect default configuration classes for test class [com.example.javaserver.JavaserverApplicationTests]: JavaserverApplicationTests does not declare any static, non-private, non-final, nested classes annotated with @Configuration.
17:56:05.829 [Test worker] INFO org.springframework.boot.test.context.SpringBootTestContextBootstrapper -- Found @SpringBootConfiguration com.example.javaserver.JavaserverApplication for test class com.example.javaserver.JavaserverApplicationTests

  .   ____          _            __ _ _
 /\\ / ___'_ __ _ _(_)_ __  __ _ \ \ \ \
( ( )\___ | '_ | '_| | '_ \/ _` | \ \ \ \
 \\/  ___)| |_)| | | | | || (_| |  ) ) ) )
  '  |____| .__|_| |_|_| |_\__, | / / / /
 =========|_|==============|___/=/_/_/_/
 :: Spring Boot ::                (v3.1.1)

2024-01-11T17:56:06.140+01:00  INFO 1440 --- [    Test worker] c.e.j.JavaserverApplicationTests         : Starting JavaserverApplicationTests using Java 17.0.7 with PID 1440 (started by simon in C:\Users\simon\Projects\javaserver)
2024-01-11T17:56:06.140+01:00 DEBUG 1440 --- [    Test worker] c.e.j.JavaserverApplicationTests         : Running with Spring Boot v3.1.1, Spring v6.0.10
2024-01-11T17:56:06.141+01:00  INFO 1440 --- [    Test worker] c.e.j.JavaserverApplicationTests         : No active profile set, falling back to 1 default profile: "default"
2024-01-11T17:56:07.043+01:00  INFO 1440 --- [    Test worker] .s.d.r.c.RepositoryConfigurationDelegate : Bootstrapping Spring Data JPA repositories in DEFAULT mode.
2024-01-11T17:56:07.099+01:00  INFO 1440 --- [    Test worker] .s.d.r.c.RepositoryConfigurationDelegate : Finished Spring Data repository scanning in 51 ms. Found 3 JPA repository interfaces.
2024-01-11T17:56:07.564+01:00  INFO 1440 --- [    Test worker] com.zaxxer.hikari.HikariDataSource       : HikariPool-1 - Starting...
2024-01-11T17:56:07.787+01:00  INFO 1440 --- [    Test worker] com.zaxxer.hikari.pool.HikariPool        : HikariPool-1 - Added connection conn0: url=jdbc:h2:~/javaserver user=SA
2024-01-11T17:56:07.788+01:00  INFO 1440 --- [    Test worker] com.zaxxer.hikari.HikariDataSource       : HikariPool-1 - Start completed.
2024-01-11T17:56:08.008+01:00  INFO 1440 --- [    Test worker] o.hibernate.jpa.internal.util.LogHelper  : HHH000204: Processing PersistenceUnitInfo [name: default]
2024-01-11T17:56:08.114+01:00  INFO 1440 --- [    Test worker] org.hibernate.Version                    : HHH000412: Hibernate ORM core version 6.2.5.Final
2024-01-11T17:56:08.117+01:00  INFO 1440 --- [    Test worker] org.hibernate.cfg.Environment            : HHH000406: Using bytecode reflection optimizer
2024-01-11T17:56:08.224+01:00  INFO 1440 --- [    Test worker] o.h.b.i.BytecodeProviderInitiator        : HHH000021: Bytecode provider name : bytebuddy
2024-01-11T17:56:08.314+01:00  INFO 1440 --- [    Test worker] o.s.o.j.p.SpringPersistenceUnitInfo      : No LoadTimeWeaver setup: ignoring JPA class transformer
2024-01-11T17:56:08.472+01:00  INFO 1440 --- [    Test worker] o.h.b.i.BytecodeProviderInitiator        : HHH000021: Bytecode provider name : bytebuddy
2024-01-11T17:56:08.898+01:00  INFO 1440 --- [    Test worker] o.h.e.t.j.p.i.JtaPlatformInitiator       : HHH000490: Using JtaPlatform implementation: [org.hibernate.engine.transaction.jta.platform.internal.NoJtaPlatform]
2024-01-11T17:56:08.934+01:00  INFO 1440 --- [    Test worker] j.LocalContainerEntityManagerFactoryBean : Initialized JPA EntityManagerFactory for persistence unit 'default'
2024-01-11T17:56:09.287+01:00  INFO 1440 --- [    Test worker] o.s.d.j.r.query.QueryEnhancerFactory     : Hibernate is in classpath; If applicable, HQL parser will be used.
2024-01-11T17:56:09.499+01:00  INFO 1440 --- [    Test worker] f.a.AutowiredAnnotationBeanPostProcessor : Autowired annotation is not supported on static fields: private static java.lang.Boolean com.example.javaserver.jobs.TemperatureJob.enabled
2024-01-11T17:56:09.639+01:00  INFO 1440 --- [    Test worker] org.quartz.impl.StdSchedulerFactory      : Using default implementation for ThreadExecutor
2024-01-11T17:56:09.662+01:00  INFO 1440 --- [    Test worker] org.quartz.core.SchedulerSignalerImpl    : Initialized Scheduler Signaller of type: class org.quartz.core.SchedulerSignalerImpl
2024-01-11T17:56:09.662+01:00  INFO 1440 --- [    Test worker] org.quartz.core.QuartzScheduler          : Quartz Scheduler v.2.3.2 created.
2024-01-11T17:56:09.664+01:00  INFO 1440 --- [    Test worker] o.s.s.quartz.LocalDataSourceJobStore     : Using db table-based data access locking (synchronization).
2024-01-11T17:56:09.665+01:00  INFO 1440 --- [    Test worker] o.s.s.quartz.LocalDataSourceJobStore     : JobStoreCMT initialized.
2024-01-11T17:56:09.666+01:00  INFO 1440 --- [    Test worker] org.quartz.core.QuartzScheduler          : Scheduler meta-data: Quartz Scheduler (v2.3.2) 'schedulerFactoryBean' with instanceId 'NON_CLUSTERED'
  Scheduler class: 'org.quartz.core.QuartzScheduler' - running locally.
  NOT STARTED.
  Currently in standby mode.
  Number of jobs executed: 0
  Using thread pool 'org.quartz.simpl.SimpleThreadPool' - with 10 threads.
  Using job-store 'org.springframework.scheduling.quartz.LocalDataSourceJobStore' - which supports persistence. and is not clustered.

2024-01-11T17:56:09.667+01:00  INFO 1440 --- [    Test worker] org.quartz.impl.StdSchedulerFactory      : Quartz scheduler 'schedulerFactoryBean' initialized from an externally provided properties instance.
2024-01-11T17:56:09.667+01:00  INFO 1440 --- [    Test worker] org.quartz.impl.StdSchedulerFactory      : Quartz scheduler version: 2.3.2
2024-01-11T17:56:09.667+01:00  INFO 1440 --- [    Test worker] org.quartz.core.QuartzScheduler          : JobFactory set to: com.example.javaserver.jobs.AutoWiringSpringBeanJobFactory@705ebb4d
2024-01-11T17:56:09.702+01:00  INFO 1440 --- [    Test worker] o.s.s.quartz.LocalDataSourceJobStore     : Freed 0 triggers from 'acquired' / 'blocked' state.
2024-01-11T17:56:09.704+01:00  INFO 1440 --- [    Test worker] o.s.s.quartz.LocalDataSourceJobStore     : Recovering 0 jobs that were in-progress at the time of the last shut-down.
2024-01-11T17:56:09.704+01:00  INFO 1440 --- [    Test worker] o.s.s.quartz.LocalDataSourceJobStore     : Recovery complete.
2024-01-11T17:56:09.705+01:00  INFO 1440 --- [    Test worker] o.s.s.quartz.LocalDataSourceJobStore     : Removed 0 'complete' triggers.
2024-01-11T17:56:09.705+01:00  INFO 1440 --- [    Test worker] o.s.s.quartz.LocalDataSourceJobStore     : Removed 0 stale fired job entries.
2024-01-11T17:56:09.706+01:00  INFO 1440 --- [    Test worker] org.quartz.core.QuartzScheduler          : Scheduler schedulerFactoryBean_$_NON_CLUSTERED started.
2024-01-11T17:56:09.727+01:00  INFO 1440 --- [SchedulerThread] f.a.AutowiredAnnotationBeanPostProcessor : Autowired annotation is not supported on static fields: private static java.lang.Boolean com.example.javaserver.jobs.TemperatureJob.enabled
2024-01-11T17:56:09.728+01:00 DEBUG 1440 --- [ryBean_Worker-1] c.e.javaserver.jobs.TemperatureJob       : Temperature Job not enabled
2024-01-11T17:56:10.196+01:00  WARN 1440 --- [    Test worker] JpaBaseConfiguration$JpaWebConfiguration : spring.jpa.open-in-view is enabled by default. Therefore, database queries may be performed during view rendering. Explicitly configure spring.jpa.open-in-view to disable this warning
2024-01-11T17:56:11.025+01:00  INFO 1440 --- [    Test worker] o.s.b.a.h2.H2ConsoleAutoConfiguration    : H2 console available at '/h2'. Database available at 'jdbc:h2:~/javaserver'
2024-01-11T17:56:11.163+01:00  INFO 1440 --- [    Test worker] o.s.b.a.e.web.EndpointLinksResolver      : Exposing 1 endpoint(s) beneath base path '/actuator'
2024-01-11T17:56:11.208+01:00  INFO 1440 --- [    Test worker] c.e.j.JavaserverApplicationTests         : Started JavaserverApplicationTests in 5.273 seconds (process running for 6.078)
2024-01-11T17:56:11.234+01:00  INFO 1440 --- [    Test worker] o.s.b.a.b.JobLauncherApplicationRunner   : Running default command line with: []
]]></system-out>
  <system-err><![CDATA[]]></system-err>
</testsuite>
