<?xml version="1.0" encoding="UTF-8"?>
<testsuite name="com.example.javaserver.JavaserverApplicationTests" tests="1" skipped="0" failures="0" errors="0" timestamp="2023-12-03T23:06:00" hostname="SIMONE" time="0.327">
  <properties/>
  <testcase name="contextLoads()" classname="com.example.javaserver.JavaserverApplicationTests" time="0.327"/>
  <system-out><![CDATA[00:05:55.050 [Test worker] INFO org.springframework.test.context.support.AnnotationConfigContextLoaderUtils -- Could not detect default configuration classes for test class [com.example.javaserver.JavaserverApplicationTests]: JavaserverApplicationTests does not declare any static, non-private, non-final, nested classes annotated with @Configuration.
00:05:55.119 [Test worker] INFO org.springframework.boot.test.context.SpringBootTestContextBootstrapper -- Found @SpringBootConfiguration com.example.javaserver.JavaserverApplication for test class com.example.javaserver.JavaserverApplicationTests

  .   ____          _            __ _ _
 /\\ / ___'_ __ _ _(_)_ __  __ _ \ \ \ \
( ( )\___ | '_ | '_| | '_ \/ _` | \ \ \ \
 \\/  ___)| |_)| | | | | || (_| |  ) ) ) )
  '  |____| .__|_| |_|_| |_\__, | / / / /
 =========|_|==============|___/=/_/_/_/
 :: Spring Boot ::                (v3.1.1)

2023-12-04T00:05:55.448+01:00  INFO 3488 --- [    Test worker] c.e.j.JavaserverApplicationTests         : Starting JavaserverApplicationTests using Java 17.0.7 with PID 3488 (started by simon in C:\Users\simon\Projects\javaserver)
2023-12-04T00:05:55.448+01:00 DEBUG 3488 --- [    Test worker] c.e.j.JavaserverApplicationTests         : Running with Spring Boot v3.1.1, Spring v6.0.10
2023-12-04T00:05:55.449+01:00  INFO 3488 --- [    Test worker] c.e.j.JavaserverApplicationTests         : No active profile set, falling back to 1 default profile: "default"
2023-12-04T00:05:56.436+01:00  INFO 3488 --- [    Test worker] .s.d.r.c.RepositoryConfigurationDelegate : Bootstrapping Spring Data JPA repositories in DEFAULT mode.
2023-12-04T00:05:56.510+01:00  INFO 3488 --- [    Test worker] .s.d.r.c.RepositoryConfigurationDelegate : Finished Spring Data repository scanning in 64 ms. Found 4 JPA repository interfaces.
2023-12-04T00:05:57.006+01:00  INFO 3488 --- [    Test worker] com.zaxxer.hikari.HikariDataSource       : HikariPool-1 - Starting...
2023-12-04T00:05:57.202+01:00  INFO 3488 --- [    Test worker] com.zaxxer.hikari.pool.HikariPool        : HikariPool-1 - Added connection conn0: url=jdbc:h2:~/javaserver user=SA
2023-12-04T00:05:57.203+01:00  INFO 3488 --- [    Test worker] com.zaxxer.hikari.HikariDataSource       : HikariPool-1 - Start completed.
2023-12-04T00:05:57.375+01:00  INFO 3488 --- [    Test worker] o.hibernate.jpa.internal.util.LogHelper  : HHH000204: Processing PersistenceUnitInfo [name: default]
2023-12-04T00:05:57.538+01:00  INFO 3488 --- [    Test worker] org.hibernate.Version                    : HHH000412: Hibernate ORM core version 6.2.5.Final
2023-12-04T00:05:57.540+01:00  INFO 3488 --- [    Test worker] org.hibernate.cfg.Environment            : HHH000406: Using bytecode reflection optimizer
2023-12-04T00:05:57.677+01:00  INFO 3488 --- [    Test worker] o.h.b.i.BytecodeProviderInitiator        : HHH000021: Bytecode provider name : bytebuddy
2023-12-04T00:05:57.778+01:00  INFO 3488 --- [    Test worker] o.s.o.j.p.SpringPersistenceUnitInfo      : No LoadTimeWeaver setup: ignoring JPA class transformer
2023-12-04T00:05:57.939+01:00  INFO 3488 --- [    Test worker] o.h.b.i.BytecodeProviderInitiator        : HHH000021: Bytecode provider name : bytebuddy
2023-12-04T00:05:58.405+01:00  INFO 3488 --- [    Test worker] o.h.e.t.j.p.i.JtaPlatformInitiator       : HHH000490: Using JtaPlatform implementation: [org.hibernate.engine.transaction.jta.platform.internal.NoJtaPlatform]
2023-12-04T00:05:58.445+01:00  INFO 3488 --- [    Test worker] j.LocalContainerEntityManagerFactoryBean : Initialized JPA EntityManagerFactory for persistence unit 'default'
2023-12-04T00:05:58.842+01:00  INFO 3488 --- [    Test worker] o.s.d.j.r.query.QueryEnhancerFactory     : Hibernate is in classpath; If applicable, HQL parser will be used.
2023-12-04T00:05:59.317+01:00  INFO 3488 --- [    Test worker] f.a.AutowiredAnnotationBeanPostProcessor : Autowired annotation is not supported on static fields: private static java.lang.Boolean com.example.javaserver.jobs.TemperatureJob.enabled
2023-12-04T00:05:59.460+01:00  INFO 3488 --- [    Test worker] org.quartz.impl.StdSchedulerFactory      : Using default implementation for ThreadExecutor
2023-12-04T00:05:59.471+01:00  INFO 3488 --- [    Test worker] org.quartz.core.SchedulerSignalerImpl    : Initialized Scheduler Signaller of type: class org.quartz.core.SchedulerSignalerImpl
2023-12-04T00:05:59.472+01:00  INFO 3488 --- [    Test worker] org.quartz.core.QuartzScheduler          : Quartz Scheduler v.2.3.2 created.
2023-12-04T00:05:59.473+01:00  INFO 3488 --- [    Test worker] o.s.s.quartz.LocalDataSourceJobStore     : Using db table-based data access locking (synchronization).
2023-12-04T00:05:59.477+01:00  INFO 3488 --- [    Test worker] o.s.s.quartz.LocalDataSourceJobStore     : JobStoreCMT initialized.
2023-12-04T00:05:59.478+01:00  INFO 3488 --- [    Test worker] org.quartz.core.QuartzScheduler          : Scheduler meta-data: Quartz Scheduler (v2.3.2) 'schedulerFactoryBean' with instanceId 'NON_CLUSTERED'
  Scheduler class: 'org.quartz.core.QuartzScheduler' - running locally.
  NOT STARTED.
  Currently in standby mode.
  Number of jobs executed: 0
  Using thread pool 'org.quartz.simpl.SimpleThreadPool' - with 10 threads.
  Using job-store 'org.springframework.scheduling.quartz.LocalDataSourceJobStore' - which supports persistence. and is not clustered.

2023-12-04T00:05:59.479+01:00  INFO 3488 --- [    Test worker] org.quartz.impl.StdSchedulerFactory      : Quartz scheduler 'schedulerFactoryBean' initialized from an externally provided properties instance.
2023-12-04T00:05:59.479+01:00  INFO 3488 --- [    Test worker] org.quartz.impl.StdSchedulerFactory      : Quartz scheduler version: 2.3.2
2023-12-04T00:05:59.479+01:00  INFO 3488 --- [    Test worker] org.quartz.core.QuartzScheduler          : JobFactory set to: com.example.javaserver.jobs.AutoWiringSpringBeanJobFactory@46d2be66
2023-12-04T00:05:59.514+01:00  INFO 3488 --- [    Test worker] o.s.s.quartz.LocalDataSourceJobStore     : Freed 0 triggers from 'acquired' / 'blocked' state.
2023-12-04T00:05:59.516+01:00  INFO 3488 --- [    Test worker] o.s.s.quartz.LocalDataSourceJobStore     : Recovering 0 jobs that were in-progress at the time of the last shut-down.
2023-12-04T00:05:59.517+01:00  INFO 3488 --- [    Test worker] o.s.s.quartz.LocalDataSourceJobStore     : Recovery complete.
2023-12-04T00:05:59.517+01:00  INFO 3488 --- [    Test worker] o.s.s.quartz.LocalDataSourceJobStore     : Removed 0 'complete' triggers.
2023-12-04T00:05:59.517+01:00  INFO 3488 --- [    Test worker] o.s.s.quartz.LocalDataSourceJobStore     : Removed 0 stale fired job entries.
2023-12-04T00:05:59.518+01:00  INFO 3488 --- [    Test worker] org.quartz.core.QuartzScheduler          : Scheduler schedulerFactoryBean_$_NON_CLUSTERED started.
2023-12-04T00:05:59.543+01:00  INFO 3488 --- [SchedulerThread] f.a.AutowiredAnnotationBeanPostProcessor : Autowired annotation is not supported on static fields: private static java.lang.Boolean com.example.javaserver.jobs.TemperatureJob.enabled
2023-12-04T00:05:59.546+01:00 DEBUG 3488 --- [ryBean_Worker-1] c.e.javaserver.jobs.TemperatureJob       : Temperature Job not enabled
2023-12-04T00:05:59.979+01:00  WARN 3488 --- [    Test worker] JpaBaseConfiguration$JpaWebConfiguration : spring.jpa.open-in-view is enabled by default. Therefore, database queries may be performed during view rendering. Explicitly configure spring.jpa.open-in-view to disable this warning
2023-12-04T00:06:00.723+01:00  INFO 3488 --- [    Test worker] o.s.b.a.h2.H2ConsoleAutoConfiguration    : H2 console available at '/h2'. Database available at 'jdbc:h2:~/javaserver'
2023-12-04T00:06:00.819+01:00  INFO 3488 --- [    Test worker] o.s.b.a.e.web.EndpointLinksResolver      : Exposing 1 endpoint(s) beneath base path '/actuator'
2023-12-04T00:06:00.940+01:00  INFO 3488 --- [    Test worker] c.e.j.JavaserverApplicationTests         : Started JavaserverApplicationTests in 5.701 seconds (process running for 6.532)
2023-12-04T00:06:00.985+01:00  INFO 3488 --- [    Test worker] o.s.b.a.b.JobLauncherApplicationRunner   : Running default command line with: []
]]></system-out>
  <system-err><![CDATA[]]></system-err>
</testsuite>
